<?xml version="1.0" encoding="UTF-8"?>
<coverage generated="1663645235577" clover="3.2.0">
  <project timestamp="1663645235578" name="All files">
    <metrics statements="18" coveredstatements="17" conditionals="4" coveredconditionals="3" methods="6" coveredmethods="4" elements="28" coveredelements="24" complexity="0" loc="18" ncloc="18" packages="2" files="3" classes="3"/>
    <package name="src">
      <metrics statements="13" coveredstatements="12" conditionals="2" coveredconditionals="2" methods="4" coveredmethods="2"/>
      <file name="app.js" path="/home/hsp20tim/projects/401/server-deployment-practice/src/app.js">
        <metrics statements="13" coveredstatements="12" conditionals="2" coveredconditionals="2" methods="4" coveredmethods="2"/>
        <line num="3" count="1" type="stmt"/>
        <line num="4" count="1" type="stmt"/>
        <line num="5" count="1" type="stmt"/>
        <line num="6" count="1" type="cond" truecount="2" falsecount="0"/>
        <line num="8" count="1" type="stmt"/>
        <line num="10" count="1" type="stmt"/>
        <line num="11" count="1" type="stmt"/>
        <line num="14" count="1" type="stmt"/>
        <line num="15" count="1" type="stmt"/>
        <line num="18" count="1" type="stmt"/>
        <line num="20" count="1" type="stmt"/>
        <line num="23" count="0" type="stmt"/>
        <line num="26" count="1" type="stmt"/>
      </file>
    </package>
    <package name="src.error-handlers">
      <metrics statements="5" coveredstatements="5" conditionals="2" coveredconditionals="1" methods="2" coveredmethods="2"/>
      <file name="404.js" path="/home/hsp20tim/projects/401/server-deployment-practice/src/error-handlers/404.js">
        <metrics statements="3" coveredstatements="3" conditionals="0" coveredconditionals="0" methods="1" coveredmethods="1"/>
        <line num="3" count="1" type="stmt"/>
        <line num="4" count="1" type="stmt"/>
        <line num="5" count="1" type="stmt"/>
      </file>
      <file name="500.js" path="/home/hsp20tim/projects/401/server-deployment-practice/src/error-handlers/500.js">
        <metrics statements="2" coveredstatements="2" conditionals="2" coveredconditionals="1" methods="1" coveredmethods="1"/>
        <line num="3" count="1" type="stmt"/>
        <line num="4" count="1" type="stmt"/>
      </file>
    </package>
  </project>
</coverage>
