{"/home/hsp20tim/projects/401/server-deployment-practice/src/app.js": {"path":"/home/hsp20tim/projects/401/server-deployment-practice/src/app.js","statementMap":{"0":{"start":{"line":3,"column":16},"end":{"line":3,"column":34}},"1":{"start":{"line":4,"column":17},"end":{"line":4,"column":48}},"2":{"start":{"line":5,"column":21},"end":{"line":5,"column":52}},"3":{"start":{"line":6,"column":13},"end":{"line":6,"column":37}},"4":{"start":{"line":8,"column":12},"end":{"line":8,"column":21}},"5":{"start":{"line":10,"column":0},"end":{"line":12,"column":3}},"6":{"start":{"line":11,"column":2},"end":{"line":11,"column":38}},"7":{"start":{"line":14,"column":0},"end":{"line":16,"column":3}},"8":{"start":{"line":15,"column":2},"end":{"line":15,"column":30}},"9":{"start":{"line":18,"column":0},"end":{"line":18,"column":23}},"10":{"start":{"line":20,"column":0},"end":{"line":20,"column":22}},"11":{"start":{"line":23,"column":2},"end":{"line":23,"column":67}},"12":{"start":{"line":23,"column":25},"end":{"line":23,"column":65}},"13":{"start":{"line":26,"column":0},"end":{"line":26,"column":31}}},"fnMap":{"0":{"name":"(anonymous_0)","decl":{"start":{"line":10,"column":13},"end":{"line":10,"column":14}},"loc":{"start":{"line":10,"column":33},"end":{"line":12,"column":1}},"line":10},"1":{"name":"(anonymous_1)","decl":{"start":{"line":14,"column":16},"end":{"line":14,"column":17}},"loc":{"start":{"line":14,"column":36},"end":{"line":16,"column":1}},"line":14},"2":{"name":"start","decl":{"start":{"line":22,"column":9},"end":{"line":22,"column":14}},"loc":{"start":{"line":22,"column":16},"end":{"line":24,"column":1}},"line":22},"3":{"name":"(anonymous_3)","decl":{"start":{"line":23,"column":19},"end":{"line":23,"column":20}},"loc":{"start":{"line":23,"column":25},"end":{"line":23,"column":65}},"line":23}},"branchMap":{"0":{"loc":{"start":{"line":6,"column":13},"end":{"line":6,"column":37}},"type":"binary-expr","locations":[{"start":{"line":6,"column":13},"end":{"line":6,"column":29}},{"start":{"line":6,"column":33},"end":{"line":6,"column":37}}],"line":6}},"s":{"0":1,"1":1,"2":1,"3":1,"4":1,"5":1,"6":1,"7":1,"8":1,"9":1,"10":1,"11":0,"12":0,"13":1},"f":{"0":1,"1":1,"2":0,"3":0},"b":{"0":[1,1]},"_coverageSchema":"1a1c01bbd47fc00a2c39e90264f33305004495a9","hash":"7e63f1a48a6d3d04314f65ca2349e9a217552887"}
,"/home/hsp20tim/projects/401/server-deployment-practice/src/error-handlers/404.js": {"path":"/home/hsp20tim/projects/401/server-deployment-practice/src/error-handlers/404.js","statementMap":{"0":{"start":{"line":3,"column":0},"end":{"line":10,"column":2}},"1":{"start":{"line":4,"column":2},"end":{"line":4,"column":19}},"2":{"start":{"line":5,"column":2},"end":{"line":9,"column":5}}},"fnMap":{"0":{"name":"(anonymous_0)","decl":{"start":{"line":3,"column":17},"end":{"line":3,"column":18}},"loc":{"start":{"line":3,"column":37},"end":{"line":10,"column":1}},"line":3}},"branchMap":{},"s":{"0":1,"1":1,"2":1},"f":{"0":1},"b":{},"_coverageSchema":"1a1c01bbd47fc00a2c39e90264f33305004495a9","hash":"20ac348449a2223c21471e58a9ad01d63b09fbdd"}
,"/home/hsp20tim/projects/401/server-deployment-practice/src/error-handlers/500.js": {"path":"/home/hsp20tim/projects/401/server-deployment-practice/src/error-handlers/500.js","statementMap":{"0":{"start":{"line":3,"column":0},"end":{"line":11,"column":2}},"1":{"start":{"line":4,"column":2},"end":{"line":10,"column":5}}},"fnMap":{"0":{"name":"(anonymous_0)","decl":{"start":{"line":3,"column":17},"end":{"line":3,"column":18}},"loc":{"start":{"line":3,"column":44},"end":{"line":11,"column":1}},"line":3}},"branchMap":{"0":{"loc":{"start":{"line":9,"column":13},"end":{"line":9,"column":82}},"type":"cond-expr","locations":[{"start":{"line":9,"column":42},"end":{"line":9,"column":47}},{"start":{"line":9,"column":50},"end":{"line":9,"column":82}}],"line":9}},"s":{"0":1,"1":1},"f":{"0":1},"b":{"0":[1,0]},"_coverageSchema":"1a1c01bbd47fc00a2c39e90264f33305004495a9","hash":"ba91bb5565b411ea1fe12a666961ba4720fb9169"}
}
